<?xml version="1.0" encoding="UTF-8"?>
<!-- Generated by org.testng.reporters.JUnitReportReporter -->
<testsuite hostname="AIS119" name="DatabaseTesingDemo" tests="1" failures="0" timestamp="7 Jul 2021 09:06:44 GMT" time="0.041" errors="0">
  <testcase name="test" time="0.041" classname="DatabaseTesingDemo"/>
</testsuite> <!-- DatabaseTesingDemo -->
