<?xml version="1.0" encoding="UTF-8"?>
<!-- Generated by org.testng.reporters.JUnitReportReporter -->
<testsuite hostname="AIS119" name="DemoWebAlert" tests="1" failures="1" timestamp="29 Oct 2018 06:15:46 GMT" time="0.003" errors="0">
  <testcase name="testWebAlert" time="0.003" classname="DemoWebAlert">
    <failure type="org.openqa.selenium.WebDriverException" message="Failed to connect to binary FirefoxBinary(C:\Program Files (x86)\Mozilla Firefox\firefox.exe) on port 7055; process output follows: 
793700909	addons.manager	DEBUG	Loaded provider scope for resource://gre/modules/LightweightThemeManager.jsm: [&quot;LightweightThemeManager&quot;]
1540793700912	addons.manager	DEBUG	Loaded provider scope for resource://gre/modules/addons/GMPProvider.jsm
1540793700913	addons.manager	DEBUG	Loaded provider scope for resource://gre/modules/addons/PluginProvider.jsm
1540793700913	addons.manager	DEBUG	Starting provider: XPIProvider
1540793700914	addons.xpi	DEBUG	startup
1540793700915	addons.xpi	INFO	Mapping fxdriver@googlecode.com to C:\Users\ABHISH~1\AppData\Local\Temp\anonymous5807691359761958595webdriver-profile\extensions\fxdriver@googlecode.com
1540793700915	addons.xpi	DEBUG	Ignoring file entry whose name is not a valid add-on ID: C:\Users\ABHISH~1\AppData\Local\Temp\anonymous5807691359761958595webdriver-profile\extensions\webdriver-staging
1540793700916	addons.xpi	INFO	Mapping {972ce4c6-7e08-4474-a285-3208198ce6fd} to C:\Program Files (x86)\Mozilla Firefox\browser\extensions\{972ce4c6-7e08-4474-a285-3208198ce6fd}
1540793700917	addons.xpi	DEBUG	Skipping unavailable install location app-system-share
1540793700917	addons.xpi	DEBUG	Skipping unavailable install location app-system-local
1540793700917	addons.xpi	DEBUG	checkForChanges
1540793700918	addons.xpi	DEBUG	Loaded add-on state from prefs: {&quot;app-profile&quot;:{&quot;fxdriver@googlecode.com&quot;:{&quot;d&quot;:&quot;C:\\Users\\ABHISH~1\\AppData\\Local\\Temp\\anonymous5807691359761958595webdriver-profile\\extensions\\fxdriver@googlecode.com&quot;,&quot;e&quot;:false,&quot;v&quot;:&quot;2.41.0&quot;,&quot;st&quot;:1540793695327,&quot;mt&quot;:1540793695262}},&quot;app-global&quot;:{&quot;{972ce4c6-7e08-4474-a285-3208198ce6fd}&quot;:{&quot;d&quot;:&quot;C:\\Program Files (x86)\\Mozilla Firefox\\browser\\extensions\\{972ce4c6-7e08-4474-a285-3208198ce6fd}&quot;,&quot;e&quot;:true,&quot;v&quot;:&quot;39.0&quot;,&quot;st&quot;:1533979791453,&quot;mt&quot;:1435711164000}}}
1540793700919	addons.xpi	DEBUG	getModTime: Recursive scan of {972ce4c6-7e08-4474-a285-3208198ce6fd}
1540793700920	addons.xpi	DEBUG	getInstallState changed: false, state: {&quot;app-profile&quot;:{&quot;fxdriver@googlecode.com&quot;:{&quot;d&quot;:&quot;C:\\Users\\ABHISH~1\\AppData\\Local\\Temp\\anonymous5807691359761958595webdriver-profile\\extensions\\fxdriver@googlecode.com&quot;,&quot;e&quot;:false,&quot;v&quot;:&quot;2.41.0&quot;,&quot;st&quot;:1540793695327,&quot;mt&quot;:1540793695262}},&quot;app-global&quot;:{&quot;{972ce4c6-7e08-4474-a285-3208198ce6fd}&quot;:{&quot;d&quot;:&quot;C:\\Program Files (x86)\\Mozilla Firefox\\browser\\extensions\\{972ce4c6-7e08-4474-a285-3208198ce6fd}&quot;,&quot;e&quot;:true,&quot;v&quot;:&quot;39.0&quot;,&quot;st&quot;:1533979791453,&quot;mt&quot;:1435711164000}}}
1540793700921	addons.xpi	DEBUG	No changes found
1540793700925	addons.manager	DEBUG	Registering shutdown blocker for XPIProvider
1540793700926	addons.manager	DEBUG	Provider finished startup: XPIProvider
1540793700926	addons.manager	DEBUG	Starting provider: LightweightThemeManager
1540793700926	addons.manager	DEBUG	Registering shutdown blocker for LightweightThemeManager
1540793700926	addons.manager	DEBUG	Provider finished startup: LightweightThemeManager
1540793700927	addons.manager	DEBUG	Starting provider: GMPProvider
1540793700931	addons.manager	DEBUG	Registering shutdown blocker for GMPProvider
1540793700931	addons.manager	DEBUG	Provider finished startup: GMPProvider
1540793700931	addons.manager	DEBUG	Starting provider: PluginProvider
1540793700931	addons.manager	DEBUG	Registering shutdown blocker for PluginProvider
1540793700932	addons.manager	DEBUG	Provider finished startup: PluginProvider
1540793700932	addons.manager	DEBUG	Completed startup sequence
1540793701301	addons.xpi-utils	DEBUG	Starting async load of XPI database C:\Users\ABHISH~1\AppData\Local\Temp\anonymous5807691359761958595webdriver-profile\extensions.json
1540793701303	addons.manager	DEBUG	Starting provider: &lt;unnamed-provider&gt;
1540793701303	addons.manager	DEBUG	Registering shutdown blocker for &lt;unnamed-provider&gt;
1540793701303	addons.manager	DEBUG	Provider finished startup: &lt;unnamed-provider&gt;
1540793701609	addons.xpi-utils	DEBUG	Async JSON file read took 0 MS
1540793701609	addons.xpi-utils	DEBUG	Finished async read of XPI database, parsing...
1540793701610	addons.xpi-utils	DEBUG	Successfully read XPI database
*** Blocklist::_loadBlocklistFromFile: blocklist is disabled

Build info: version: &#039;2.41.0&#039;, revision: &#039;3192d8a&#039;, time: &#039;2014-03-27 17:18:15&#039;
System info: host: &#039;AIS119&#039;, ip: &#039;192.168.1.119&#039;, os.name: &#039;Windows 8.1&#039;, os.arch: &#039;amd64&#039;, os.version: &#039;6.3&#039;, java.version: &#039;1.8.0_25&#039;
Driver info: driver.version: FirefoxDriver">
      <![CDATA[org.openqa.selenium.WebDriverException: Failed to connect to binary FirefoxBinary(C:\Program Files (x86)\Mozilla Firefox\firefox.exe) on port 7055; process output follows: 
793700909	addons.manager	DEBUG	Loaded provider scope for resource://gre/modules/LightweightThemeManager.jsm: ["LightweightThemeManager"]
1540793700912	addons.manager	DEBUG	Loaded provider scope for resource://gre/modules/addons/GMPProvider.jsm
1540793700913	addons.manager	DEBUG	Loaded provider scope for resource://gre/modules/addons/PluginProvider.jsm
1540793700913	addons.manager	DEBUG	Starting provider: XPIProvider
1540793700914	addons.xpi	DEBUG	startup
1540793700915	addons.xpi	INFO	Mapping fxdriver@googlecode.com to C:\Users\ABHISH~1\AppData\Local\Temp\anonymous5807691359761958595webdriver-profile\extensions\fxdriver@googlecode.com
1540793700915	addons.xpi	DEBUG	Ignoring file entry whose name is not a valid add-on ID: C:\Users\ABHISH~1\AppData\Local\Temp\anonymous5807691359761958595webdriver-profile\extensions\webdriver-staging
1540793700916	addons.xpi	INFO	Mapping {972ce4c6-7e08-4474-a285-3208198ce6fd} to C:\Program Files (x86)\Mozilla Firefox\browser\extensions\{972ce4c6-7e08-4474-a285-3208198ce6fd}
1540793700917	addons.xpi	DEBUG	Skipping unavailable install location app-system-share
1540793700917	addons.xpi	DEBUG	Skipping unavailable install location app-system-local
1540793700917	addons.xpi	DEBUG	checkForChanges
1540793700918	addons.xpi	DEBUG	Loaded add-on state from prefs: {"app-profile":{"fxdriver@googlecode.com":{"d":"C:\\Users\\ABHISH~1\\AppData\\Local\\Temp\\anonymous5807691359761958595webdriver-profile\\extensions\\fxdriver@googlecode.com","e":false,"v":"2.41.0","st":1540793695327,"mt":1540793695262}},"app-global":{"{972ce4c6-7e08-4474-a285-3208198ce6fd}":{"d":"C:\\Program Files (x86)\\Mozilla Firefox\\browser\\extensions\\{972ce4c6-7e08-4474-a285-3208198ce6fd}","e":true,"v":"39.0","st":1533979791453,"mt":1435711164000}}}
1540793700919	addons.xpi	DEBUG	getModTime: Recursive scan of {972ce4c6-7e08-4474-a285-3208198ce6fd}
1540793700920	addons.xpi	DEBUG	getInstallState changed: false, state: {"app-profile":{"fxdriver@googlecode.com":{"d":"C:\\Users\\ABHISH~1\\AppData\\Local\\Temp\\anonymous5807691359761958595webdriver-profile\\extensions\\fxdriver@googlecode.com","e":false,"v":"2.41.0","st":1540793695327,"mt":1540793695262}},"app-global":{"{972ce4c6-7e08-4474-a285-3208198ce6fd}":{"d":"C:\\Program Files (x86)\\Mozilla Firefox\\browser\\extensions\\{972ce4c6-7e08-4474-a285-3208198ce6fd}","e":true,"v":"39.0","st":1533979791453,"mt":1435711164000}}}
1540793700921	addons.xpi	DEBUG	No changes found
1540793700925	addons.manager	DEBUG	Registering shutdown blocker for XPIProvider
1540793700926	addons.manager	DEBUG	Provider finished startup: XPIProvider
1540793700926	addons.manager	DEBUG	Starting provider: LightweightThemeManager
1540793700926	addons.manager	DEBUG	Registering shutdown blocker for LightweightThemeManager
1540793700926	addons.manager	DEBUG	Provider finished startup: LightweightThemeManager
1540793700927	addons.manager	DEBUG	Starting provider: GMPProvider
1540793700931	addons.manager	DEBUG	Registering shutdown blocker for GMPProvider
1540793700931	addons.manager	DEBUG	Provider finished startup: GMPProvider
1540793700931	addons.manager	DEBUG	Starting provider: PluginProvider
1540793700931	addons.manager	DEBUG	Registering shutdown blocker for PluginProvider
1540793700932	addons.manager	DEBUG	Provider finished startup: PluginProvider
1540793700932	addons.manager	DEBUG	Completed startup sequence
1540793701301	addons.xpi-utils	DEBUG	Starting async load of XPI database C:\Users\ABHISH~1\AppData\Local\Temp\anonymous5807691359761958595webdriver-profile\extensions.json
1540793701303	addons.manager	DEBUG	Starting provider: <unnamed-provider>
1540793701303	addons.manager	DEBUG	Registering shutdown blocker for <unnamed-provider>
1540793701303	addons.manager	DEBUG	Provider finished startup: <unnamed-provider>
1540793701609	addons.xpi-utils	DEBUG	Async JSON file read took 0 MS
1540793701609	addons.xpi-utils	DEBUG	Finished async read of XPI database, parsing...
1540793701610	addons.xpi-utils	DEBUG	Successfully read XPI database
*** Blocklist::_loadBlocklistFromFile: blocklist is disabled

Build info: version: '2.41.0', revision: '3192d8a', time: '2014-03-27 17:18:15'
System info: host: 'AIS119', ip: '192.168.1.119', os.name: 'Windows 8.1', os.arch: 'amd64', os.version: '6.3', java.version: '1.8.0_25'
Driver info: driver.version: FirefoxDriver
	at org.openqa.selenium.firefox.internal.NewProfileExtensionConnection.start(NewProfileExtensionConnection.java:130)
	at org.openqa.selenium.firefox.FirefoxDriver.startClient(FirefoxDriver.java:246)
	at org.openqa.selenium.remote.RemoteWebDriver.<init>(RemoteWebDriver.java:114)
	at org.openqa.selenium.firefox.FirefoxDriver.<init>(FirefoxDriver.java:193)
	at org.openqa.selenium.firefox.FirefoxDriver.<init>(FirefoxDriver.java:186)
	at org.openqa.selenium.firefox.FirefoxDriver.<init>(FirefoxDriver.java:182)
	at org.openqa.selenium.firefox.FirefoxDriver.<init>(FirefoxDriver.java:95)
	at DemoWebAlert.setUp(DemoWebAlert.java:27)
	at sun.reflect.NativeMethodAccessorImpl.invoke0(Native Method)
	at sun.reflect.NativeMethodAccessorImpl.invoke(NativeMethodAccessorImpl.java:62)
	at sun.reflect.DelegatingMethodAccessorImpl.invoke(DelegatingMethodAccessorImpl.java:43)
	at java.lang.reflect.Method.invoke(Method.java:483)
	at org.testng.internal.MethodInvocationHelper.invokeMethod(MethodInvocationHelper.java:84)
	at org.testng.internal.Invoker.invokeConfigurationMethod(Invoker.java:564)
	at org.testng.internal.Invoker.invokeConfigurations(Invoker.java:213)
	at org.testng.internal.Invoker.invokeMethod(Invoker.java:653)
	at org.testng.internal.Invoker.invokeTestMethod(Invoker.java:901)
	at org.testng.internal.Invoker.invokeTestMethods(Invoker.java:1231)
	at org.testng.internal.TestMethodWorker.invokeTestMethods(TestMethodWorker.java:127)
	at org.testng.internal.TestMethodWorker.run(TestMethodWorker.java:111)
	at org.testng.TestRunner.privateRun(TestRunner.java:767)
	at org.testng.TestRunner.run(TestRunner.java:617)
	at org.testng.SuiteRunner.runTest(SuiteRunner.java:334)
	at org.testng.SuiteRunner.runSequentially(SuiteRunner.java:329)
	at org.testng.SuiteRunner.privateRun(SuiteRunner.java:291)
	at org.testng.SuiteRunner.run(SuiteRunner.java:240)
	at org.testng.SuiteRunnerWorker.runSuite(SuiteRunnerWorker.java:52)
	at org.testng.SuiteRunnerWorker.run(SuiteRunnerWorker.java:86)
	at org.testng.TestNG.runSuitesSequentially(TestNG.java:1224)
	at org.testng.TestNG.runSuitesLocally(TestNG.java:1149)
	at org.testng.TestNG.run(TestNG.java:1057)
	at org.testng.remote.AbstractRemoteTestNG.run(AbstractRemoteTestNG.java:114)
	at org.testng.remote.RemoteTestNG.initAndRun(RemoteTestNG.java:251)
	at org.testng.remote.RemoteTestNG.main(RemoteTestNG.java:77)
Caused by: org.openqa.selenium.firefox.NotConnectedException: Unable to connect to host 127.0.0.1 on port 7055 after 45000 ms. Firefox console output:
793700909	addons.manager	DEBUG	Loaded provider scope for resource://gre/modules/LightweightThemeManager.jsm: ["LightweightThemeManager"]
1540793700912	addons.manager	DEBUG	Loaded provider scope for resource://gre/modules/addons/GMPProvider.jsm
1540793700913	addons.manager	DEBUG	Loaded provider scope for resource://gre/modules/addons/PluginProvider.jsm
1540793700913	addons.manager	DEBUG	Starting provider: XPIProvider
1540793700914	addons.xpi	DEBUG	startup
1540793700915	addons.xpi	INFO	Mapping fxdriver@googlecode.com to C:\Users\ABHISH~1\AppData\Local\Temp\anonymous5807691359761958595webdriver-profile\extensions\fxdriver@googlecode.com
1540793700915	addons.xpi	DEBUG	Ignoring file entry whose name is not a valid add-on ID: C:\Users\ABHISH~1\AppData\Local\Temp\anonymous5807691359761958595webdriver-profile\extensions\webdriver-staging
1540793700916	addons.xpi	INFO	Mapping {972ce4c6-7e08-4474-a285-3208198ce6fd} to C:\Program Files (x86)\Mozilla Firefox\browser\extensions\{972ce4c6-7e08-4474-a285-3208198ce6fd}
1540793700917	addons.xpi	DEBUG	Skipping unavailable install location app-system-share
1540793700917	addons.xpi	DEBUG	Skipping unavailable install location app-system-local
1540793700917	addons.xpi	DEBUG	checkForChanges
1540793700918	addons.xpi	DEBUG	Loaded add-on state from prefs: {"app-profile":{"fxdriver@googlecode.com":{"d":"C:\\Users\\ABHISH~1\\AppData\\Local\\Temp\\anonymous5807691359761958595webdriver-profile\\extensions\\fxdriver@googlecode.com","e":false,"v":"2.41.0","st":1540793695327,"mt":1540793695262}},"app-global":{"{972ce4c6-7e08-4474-a285-3208198ce6fd}":{"d":"C:\\Program Files (x86)\\Mozilla Firefox\\browser\\extensions\\{972ce4c6-7e08-4474-a285-3208198ce6fd}","e":true,"v":"39.0","st":1533979791453,"mt":1435711164000}}}
1540793700919	addons.xpi	DEBUG	getModTime: Recursive scan of {972ce4c6-7e08-4474-a285-3208198ce6fd}
1540793700920	addons.xpi	DEBUG	getInstallState changed: false, state: {"app-profile":{"fxdriver@googlecode.com":{"d":"C:\\Users\\ABHISH~1\\AppData\\Local\\Temp\\anonymous5807691359761958595webdriver-profile\\extensions\\fxdriver@googlecode.com","e":false,"v":"2.41.0","st":1540793695327,"mt":1540793695262}},"app-global":{"{972ce4c6-7e08-4474-a285-3208198ce6fd}":{"d":"C:\\Program Files (x86)\\Mozilla Firefox\\browser\\extensions\\{972ce4c6-7e08-4474-a285-3208198ce6fd}","e":true,"v":"39.0","st":1533979791453,"mt":1435711164000}}}
1540793700921	addons.xpi	DEBUG	No changes found
1540793700925	addons.manager	DEBUG	Registering shutdown blocker for XPIProvider
1540793700926	addons.manager	DEBUG	Provider finished startup: XPIProvider
1540793700926	addons.manager	DEBUG	Starting provider: LightweightThemeManager
1540793700926	addons.manager	DEBUG	Registering shutdown blocker for LightweightThemeManager
1540793700926	addons.manager	DEBUG	Provider finished startup: LightweightThemeManager
1540793700927	addons.manager	DEBUG	Starting provider: GMPProvider
1540793700931	addons.manager	DEBUG	Registering shutdown blocker for GMPProvider
1540793700931	addons.manager	DEBUG	Provider finished startup: GMPProvider
1540793700931	addons.manager	DEBUG	Starting provider: PluginProvider
1540793700931	addons.manager	DEBUG	Registering shutdown blocker for PluginProvider
1540793700932	addons.manager	DEBUG	Provider finished startup: PluginProvider
1540793700932	addons.manager	DEBUG	Completed startup sequence
1540793701301	addons.xpi-utils	DEBUG	Starting async load of XPI database C:\Users\ABHISH~1\AppData\Local\Temp\anonymous5807691359761958595webdriver-profile\extensions.json
1540793701303	addons.manager	DEBUG	Starting provider: <unnamed-provider>
1540793701303	addons.manager	DEBUG	Registering shutdown blocker for <unnamed-provider>
1540793701303	addons.manager	DEBUG	Provider finished startup: <unnamed-provider>
1540793701609	addons.xpi-utils	DEBUG	Async JSON file read took 0 MS
1540793701609	addons.xpi-utils	DEBUG	Finished async read of XPI database, parsing...
1540793701610	addons.xpi-utils	DEBUG	Successfully read XPI database
*** Blocklist::_loadBlocklistFromFile: blocklist is disabled

	at org.openqa.selenium.firefox.internal.NewProfileExtensionConnection.start(NewProfileExtensionConnection.java:118)
	... 33 more
]]>
    </failure>
  </testcase> <!-- testWebAlert -->
</testsuite> <!-- DemoWebAlert -->
