<?xml version="1.0" encoding="UTF-8"?>
<!-- Generated by org.testng.reporters.JUnitReportReporter -->
<testsuite hostname="AIS119" name="testNG.DependencyTestUsingAnnotation" tests="3" failures="0" timestamp="15 Dec 2015 10:00:16 GMT" time="0.020" errors="0">
  <testcase name="initEnvironmentTest" time="0.017" classname="testNG.DependencyTestUsingAnnotation"/>
  <testcase name="testPrintMessage" time="0.001" classname="testNG.DependencyTestUsingAnnotation"/>
  <testcase name="testSalutationMessage" time="0.002" classname="testNG.DependencyTestUsingAnnotation"/>
</testsuite> <!-- testNG.DependencyTestUsingAnnotation -->
